2025-01-30 11:16:36,082 - INFO - Starting Telegram Scraper
2025-01-30 11:16:36,087 - INFO - Connecting to 149.154.167.51:443/TcpFull...
2025-01-30 11:16:40,105 - INFO - Connection to 149.154.167.51:443/TcpFull complete!
2025-01-30 11:16:51,709 - INFO - Phone migrated to 4
2025-01-30 11:16:51,834 - INFO - Reconnecting to new data center 4
2025-01-30 11:16:51,976 - INFO - Disconnecting from 149.154.167.51:443/TcpFull...
2025-01-30 11:16:51,977 - INFO - Disconnection from 149.154.167.51:443/TcpFull complete!
2025-01-30 11:16:51,978 - INFO - Connecting to 149.154.167.91:443/TcpFull...
2025-01-30 11:16:53,584 - INFO - Connection to 149.154.167.91:443/TcpFull complete!
2025-01-30 11:17:17,054 - INFO - Starting direct file download in chunks of 131072 at 0, stride 131072
2025-01-30 11:17:18,126 - INFO - Starting direct file download in chunks of 131072 at 0, stride 131072
2025-01-30 11:17:19,542 - INFO - Starting direct file download in chunks of 131072 at 0, stride 131072
2025-01-30 11:17:20,826 - INFO - Starting direct file download in chunks of 131072 at 0, stride 131072
2025-01-30 11:17:30,696 - INFO - Starting direct file download in chunks of 131072 at 0, stride 131072
2025-01-30 11:17:33,208 - INFO - Starting direct file download in chunks of 131072 at 0, stride 131072
2025-01-30 11:17:35,629 - INFO - Starting direct file download in chunks of 131072 at 0, stride 131072
2025-01-30 11:17:36,839 - INFO - Starting direct file download in chunks of 131072 at 0, stride 131072
2025-01-30 11:17:38,264 - INFO - Starting direct file download in chunks of 131072 at 0, stride 131072
2025-01-30 11:17:53,760 - INFO - Starting direct file download in chunks of 131072 at 0, stride 131072
2025-01-30 11:17:56,446 - INFO - Starting direct file download in chunks of 131072 at 0, stride 131072
2025-01-30 11:17:58,128 - INFO - Starting direct file download in chunks of 131072 at 0, stride 131072
2025-01-30 11:18:02,472 - INFO - Starting direct file download in chunks of 131072 at 0, stride 131072
2025-01-30 11:18:06,762 - INFO - Starting direct file download in chunks of 131072 at 0, stride 131072
2025-01-30 11:18:07,811 - INFO - Starting direct file download in chunks of 131072 at 0, stride 131072
2025-01-30 11:18:10,063 - INFO - Starting direct file download in chunks of 131072 at 0, stride 131072
2025-01-30 11:18:11,105 - INFO - Starting direct file download in chunks of 131072 at 0, stride 131072
2025-01-30 11:18:12,138 - INFO - Starting direct file download in chunks of 131072 at 0, stride 131072
2025-01-30 11:18:14,734 - INFO - Starting direct file download in chunks of 131072 at 0, stride 131072
2025-01-30 11:18:15,661 - INFO - Starting direct file download in chunks of 131072 at 0, stride 131072
2025-01-30 11:18:17,911 - INFO - Starting direct file download in chunks of 131072 at 0, stride 131072
2025-01-30 11:18:20,638 - INFO - Starting direct file download in chunks of 131072 at 0, stride 131072
2025-01-30 11:18:21,864 - INFO - Starting direct file download in chunks of 131072 at 0, stride 131072
2025-01-30 11:18:23,916 - INFO - Starting direct file download in chunks of 131072 at 0, stride 131072
2025-01-30 11:18:25,649 - INFO - Starting direct file download in chunks of 131072 at 0, stride 131072
2025-01-30 11:18:28,127 - INFO - Starting direct file download in chunks of 131072 at 0, stride 131072
2025-01-30 11:18:30,732 - INFO - Starting direct file download in chunks of 131072 at 0, stride 131072
2025-01-30 11:18:34,468 - INFO - Starting direct file download in chunks of 131072 at 0, stride 131072
2025-01-30 11:18:38,141 - INFO - Starting direct file download in chunks of 131072 at 0, stride 131072
2025-01-30 11:18:38,992 - INFO - Starting direct file download in chunks of 131072 at 0, stride 131072
2025-01-30 11:18:40,144 - INFO - Starting direct file download in chunks of 131072 at 0, stride 131072
2025-01-30 11:18:41,315 - INFO - Starting direct file download in chunks of 131072 at 0, stride 131072
2025-01-30 11:18:42,248 - INFO - Starting direct file download in chunks of 131072 at 0, stride 131072
2025-01-30 11:18:43,289 - INFO - Starting direct file download in chunks of 131072 at 0, stride 131072
2025-01-30 11:18:45,372 - INFO - Starting direct file download in chunks of 131072 at 0, stride 131072
2025-01-30 11:18:48,283 - INFO - Starting direct file download in chunks of 131072 at 0, stride 131072
2025-01-30 11:18:50,383 - INFO - Starting direct file download in chunks of 131072 at 0, stride 131072
2025-01-30 11:18:51,895 - INFO - Starting direct file download in chunks of 131072 at 0, stride 131072
2025-01-30 11:18:54,493 - INFO - Starting direct file download in chunks of 131072 at 0, stride 131072
2025-01-30 11:18:58,027 - INFO - Starting direct file download in chunks of 131072 at 0, stride 131072
2025-01-30 11:18:58,979 - INFO - Starting direct file download in chunks of 131072 at 0, stride 131072
2025-01-30 11:19:00,082 - INFO - Starting direct file download in chunks of 131072 at 0, stride 131072
2025-01-30 11:19:02,447 - INFO - Starting direct file download in chunks of 131072 at 0, stride 131072
2025-01-30 11:19:04,485 - INFO - Starting direct file download in chunks of 131072 at 0, stride 131072
2025-01-30 11:19:05,887 - INFO - Starting direct file download in chunks of 131072 at 0, stride 131072
2025-01-30 11:19:07,551 - INFO - Starting direct file download in chunks of 131072 at 0, stride 131072
2025-01-30 11:19:09,363 - INFO - Starting direct file download in chunks of 131072 at 0, stride 131072
2025-01-30 11:19:11,378 - INFO - Starting direct file download in chunks of 131072 at 0, stride 131072
2025-01-30 11:19:13,133 - INFO - Starting direct file download in chunks of 131072 at 0, stride 131072
2025-01-30 11:19:14,541 - INFO - Starting direct file download in chunks of 131072 at 0, stride 131072
2025-01-30 11:19:17,261 - INFO - Starting direct file download in chunks of 131072 at 0, stride 131072
2025-01-30 11:19:18,101 - INFO - Starting direct file download in chunks of 131072 at 0, stride 131072
2025-01-30 11:19:19,264 - INFO - Starting direct file download in chunks of 131072 at 0, stride 131072
2025-01-30 11:19:24,004 - INFO - Starting direct file download in chunks of 131072 at 0, stride 131072
2025-01-30 11:19:24,733 - INFO - Starting direct file download in chunks of 131072 at 0, stride 131072
2025-01-30 11:19:26,509 - INFO - Starting direct file download in chunks of 131072 at 0, stride 131072
2025-01-30 11:19:29,030 - INFO - Starting direct file download in chunks of 131072 at 0, stride 131072
2025-01-30 11:19:30,249 - INFO - Starting direct file download in chunks of 131072 at 0, stride 131072
2025-01-30 11:19:31,510 - INFO - Starting direct file download in chunks of 131072 at 0, stride 131072
2025-01-30 11:19:34,038 - INFO - Starting direct file download in chunks of 131072 at 0, stride 131072
2025-01-30 11:19:36,050 - INFO - Starting direct file download in chunks of 131072 at 0, stride 131072
2025-01-30 11:19:39,735 - INFO - Starting direct file download in chunks of 131072 at 0, stride 131072
2025-01-30 11:19:42,768 - INFO - Starting direct file download in chunks of 131072 at 0, stride 131072
2025-01-30 11:19:43,402 - INFO - Starting direct file download in chunks of 131072 at 0, stride 131072
2025-01-30 11:19:54,247 - INFO - Starting direct file download in chunks of 131072 at 0, stride 131072
2025-01-30 11:20:20,112 - INFO - Starting direct file download in chunks of 131072 at 0, stride 131072
2025-01-30 11:20:25,871 - INFO - Starting direct file download in chunks of 131072 at 0, stride 131072
2025-01-30 11:20:41,049 - INFO - Starting direct file download in chunks of 131072 at 0, stride 131072
2025-01-30 11:20:58,145 - INFO - Starting direct file download in chunks of 131072 at 0, stride 131072
2025-01-30 11:21:03,891 - INFO - Scraped 100 messages from DoctorsET
2025-01-30 11:21:03,899 - ERROR - Error scraping Chemed Telegram Channel: Cannot find any entity corresponding to "Chemed Telegram Channel"
2025-01-30 11:21:05,659 - INFO - Starting direct file download in chunks of 131072 at 0, stride 131072
2025-01-30 11:21:09,745 - INFO - Starting direct file download in chunks of 131072 at 0, stride 131072
2025-01-30 11:21:18,644 - INFO - Starting direct file download in chunks of 131072 at 0, stride 131072
2025-01-30 11:21:22,997 - INFO - Starting direct file download in chunks of 131072 at 0, stride 131072
2025-01-30 11:21:26,956 - INFO - Starting direct file download in chunks of 131072 at 0, stride 131072
2025-01-30 11:21:52,048 - INFO - Starting direct file download in chunks of 131072 at 0, stride 131072
2025-01-30 11:21:55,786 - INFO - Starting direct file download in chunks of 131072 at 0, stride 131072
2025-01-30 11:22:21,866 - INFO - Starting direct file download in chunks of 131072 at 0, stride 131072
2025-01-30 11:22:22,470 - INFO - Starting direct file download in chunks of 131072 at 0, stride 131072
2025-01-30 11:22:23,111 - INFO - Starting direct file download in chunks of 131072 at 0, stride 131072
2025-01-30 11:22:23,743 - INFO - Starting direct file download in chunks of 131072 at 0, stride 131072
2025-01-30 11:22:23,990 - INFO - Starting direct file download in chunks of 131072 at 0, stride 131072
2025-01-30 11:22:24,887 - INFO - Starting direct file download in chunks of 131072 at 0, stride 131072
2025-01-30 11:22:25,691 - INFO - Starting direct file download in chunks of 131072 at 0, stride 131072
2025-01-30 11:22:26,811 - INFO - Starting direct file download in chunks of 131072 at 0, stride 131072
2025-01-30 11:22:28,366 - INFO - Starting direct file download in chunks of 131072 at 0, stride 131072
2025-01-30 11:22:28,985 - INFO - Starting direct file download in chunks of 131072 at 0, stride 131072
2025-01-30 11:22:30,223 - INFO - Starting direct file download in chunks of 131072 at 0, stride 131072
2025-01-30 11:22:31,558 - INFO - Starting direct file download in chunks of 131072 at 0, stride 131072
2025-01-30 11:22:32,129 - INFO - Starting direct file download in chunks of 131072 at 0, stride 131072
2025-01-30 11:22:33,052 - INFO - Starting direct file download in chunks of 131072 at 0, stride 131072
2025-01-30 11:22:34,840 - INFO - Starting direct file download in chunks of 131072 at 0, stride 131072
2025-01-30 11:22:35,322 - INFO - Starting direct file download in chunks of 131072 at 0, stride 131072
2025-01-30 11:22:35,734 - INFO - Starting direct file download in chunks of 131072 at 0, stride 131072
2025-01-30 11:22:36,395 - INFO - Starting direct file download in chunks of 131072 at 0, stride 131072
2025-01-30 11:22:36,916 - INFO - Starting direct file download in chunks of 131072 at 0, stride 131072
2025-01-30 11:22:37,397 - INFO - Starting direct file download in chunks of 131072 at 0, stride 131072
2025-01-30 11:22:37,798 - INFO - Starting direct file download in chunks of 131072 at 0, stride 131072
2025-01-30 11:22:39,156 - INFO - Starting direct file download in chunks of 131072 at 0, stride 131072
2025-01-30 11:22:40,776 - INFO - Starting direct file download in chunks of 131072 at 0, stride 131072
2025-01-30 11:22:42,462 - INFO - Starting direct file download in chunks of 131072 at 0, stride 131072
2025-01-30 11:22:42,806 - INFO - Starting direct file download in chunks of 131072 at 0, stride 131072
2025-01-30 11:22:43,317 - INFO - Starting direct file download in chunks of 131072 at 0, stride 131072
2025-01-30 11:22:43,796 - INFO - Starting direct file download in chunks of 131072 at 0, stride 131072
2025-01-30 11:22:44,011 - INFO - Starting direct file download in chunks of 131072 at 0, stride 131072
2025-01-30 11:22:44,610 - INFO - Starting direct file download in chunks of 131072 at 0, stride 131072
2025-01-30 11:22:45,213 - INFO - Starting direct file download in chunks of 131072 at 0, stride 131072
2025-01-30 11:22:45,389 - INFO - Starting direct file download in chunks of 131072 at 0, stride 131072
2025-01-30 11:22:45,876 - INFO - Starting direct file download in chunks of 131072 at 0, stride 131072
2025-01-30 11:22:46,206 - INFO - Starting direct file download in chunks of 131072 at 0, stride 131072
2025-01-30 11:22:48,131 - INFO - Starting direct file download in chunks of 131072 at 0, stride 131072
2025-01-30 11:22:48,659 - INFO - Starting direct file download in chunks of 131072 at 0, stride 131072
2025-01-30 11:22:50,164 - INFO - Starting direct file download in chunks of 131072 at 0, stride 131072
2025-01-30 11:22:50,352 - INFO - Starting direct file download in chunks of 131072 at 0, stride 131072
2025-01-30 11:22:51,260 - INFO - Starting direct file download in chunks of 131072 at 0, stride 131072
2025-01-30 11:22:52,034 - INFO - Starting direct file download in chunks of 131072 at 0, stride 131072
2025-01-30 11:22:52,415 - INFO - Starting direct file download in chunks of 131072 at 0, stride 131072
2025-01-30 11:22:52,705 - INFO - Starting direct file download in chunks of 131072 at 0, stride 131072
2025-01-30 11:22:53,563 - INFO - Starting direct file download in chunks of 131072 at 0, stride 131072
2025-01-30 11:22:55,703 - INFO - Starting direct file download in chunks of 131072 at 0, stride 131072
2025-01-30 11:22:55,877 - INFO - Starting direct file download in chunks of 131072 at 0, stride 131072
2025-01-30 11:22:56,432 - INFO - Starting direct file download in chunks of 131072 at 0, stride 131072
2025-01-30 11:22:58,083 - INFO - Starting direct file download in chunks of 131072 at 0, stride 131072
2025-01-30 11:22:58,752 - INFO - Starting direct file download in chunks of 131072 at 0, stride 131072
2025-01-30 11:23:15,641 - INFO - Starting direct file download in chunks of 131072 at 0, stride 131072
2025-01-30 11:23:18,187 - INFO - Starting direct file download in chunks of 131072 at 0, stride 131072
2025-01-30 11:23:21,212 - INFO - Starting direct file download in chunks of 131072 at 0, stride 131072
2025-01-30 11:23:22,275 - INFO - Starting direct file download in chunks of 131072 at 0, stride 131072
2025-01-30 11:23:22,670 - INFO - Starting direct file download in chunks of 131072 at 0, stride 131072
2025-01-30 11:23:23,385 - INFO - Starting direct file download in chunks of 131072 at 0, stride 131072
2025-01-30 11:23:24,127 - INFO - Starting direct file download in chunks of 131072 at 0, stride 131072
2025-01-30 11:23:24,538 - INFO - Starting direct file download in chunks of 131072 at 0, stride 131072
2025-01-30 11:23:26,554 - INFO - Starting direct file download in chunks of 131072 at 0, stride 131072
2025-01-30 11:23:28,703 - INFO - Starting direct file download in chunks of 131072 at 0, stride 131072
2025-01-30 11:23:30,599 - INFO - Starting direct file download in chunks of 131072 at 0, stride 131072
2025-01-30 11:23:31,904 - INFO - Starting direct file download in chunks of 131072 at 0, stride 131072
2025-01-30 11:23:33,126 - INFO - Starting direct file download in chunks of 131072 at 0, stride 131072
2025-01-30 11:23:34,192 - INFO - Starting direct file download in chunks of 131072 at 0, stride 131072
2025-01-30 11:23:34,588 - INFO - Starting direct file download in chunks of 131072 at 0, stride 131072
2025-01-30 11:23:34,789 - INFO - Starting direct file download in chunks of 131072 at 0, stride 131072
2025-01-30 11:23:35,392 - INFO - Starting direct file download in chunks of 131072 at 0, stride 131072
2025-01-30 11:23:37,432 - INFO - Starting direct file download in chunks of 131072 at 0, stride 131072
2025-01-30 11:23:37,972 - INFO - Starting direct file download in chunks of 131072 at 0, stride 131072
2025-01-30 11:23:39,842 - INFO - Starting direct file download in chunks of 131072 at 0, stride 131072
2025-01-30 11:23:40,386 - INFO - Starting direct file download in chunks of 131072 at 0, stride 131072
2025-01-30 11:23:41,148 - INFO - Starting direct file download in chunks of 131072 at 0, stride 131072
2025-01-30 11:23:42,086 - INFO - Starting direct file download in chunks of 131072 at 0, stride 131072
2025-01-30 11:23:44,008 - INFO - Starting direct file download in chunks of 131072 at 0, stride 131072
2025-01-30 11:23:48,572 - INFO - Starting direct file download in chunks of 131072 at 0, stride 131072
2025-01-30 11:23:50,314 - INFO - Starting direct file download in chunks of 131072 at 0, stride 131072
2025-01-30 11:23:52,374 - INFO - Starting direct file download in chunks of 131072 at 0, stride 131072
2025-01-30 11:23:52,950 - INFO - Starting direct file download in chunks of 131072 at 0, stride 131072
2025-01-30 11:23:53,704 - INFO - Starting direct file download in chunks of 131072 at 0, stride 131072
2025-01-30 11:23:54,228 - INFO - Starting direct file download in chunks of 131072 at 0, stride 131072
2025-01-30 11:23:54,406 - INFO - Starting direct file download in chunks of 131072 at 0, stride 131072
2025-01-30 11:23:54,584 - INFO - Starting direct file download in chunks of 131072 at 0, stride 131072
2025-01-30 11:23:55,762 - INFO - Starting direct file download in chunks of 131072 at 0, stride 131072
2025-01-30 11:23:57,102 - INFO - Starting direct file download in chunks of 131072 at 0, stride 131072
2025-01-30 11:23:58,782 - INFO - Starting direct file download in chunks of 131072 at 0, stride 131072
2025-01-30 11:24:02,782 - INFO - Starting direct file download in chunks of 131072 at 0, stride 131072
2025-01-30 11:24:04,102 - INFO - Starting direct file download in chunks of 131072 at 0, stride 131072
2025-01-30 11:24:05,391 - INFO - Starting direct file download in chunks of 131072 at 0, stride 131072
2025-01-30 11:24:05,693 - INFO - Starting direct file download in chunks of 131072 at 0, stride 131072
2025-01-30 11:24:06,203 - INFO - Starting direct file download in chunks of 131072 at 0, stride 131072
2025-01-30 11:24:06,876 - INFO - Starting direct file download in chunks of 131072 at 0, stride 131072
2025-01-30 11:24:07,082 - INFO - Starting direct file download in chunks of 131072 at 0, stride 131072
2025-01-30 11:24:07,385 - INFO - Starting direct file download in chunks of 131072 at 0, stride 131072
2025-01-30 11:24:07,698 - INFO - Starting direct file download in chunks of 131072 at 0, stride 131072
2025-01-30 11:24:08,089 - INFO - Starting direct file download in chunks of 131072 at 0, stride 131072
2025-01-30 11:24:08,417 - INFO - Starting direct file download in chunks of 131072 at 0, stride 131072
2025-01-30 11:24:08,615 - INFO - Scraped 100 messages from Lobelia4cosmetics
2025-01-30 11:24:09,112 - INFO - Starting direct file download in chunks of 131072 at 0, stride 131072
2025-01-30 11:24:10,271 - INFO - Starting direct file download in chunks of 131072 at 0, stride 131072
2025-01-30 11:24:10,965 - INFO - Starting direct file download in chunks of 131072 at 0, stride 131072
2025-01-30 11:24:14,391 - INFO - Starting direct file download in chunks of 131072 at 0, stride 131072
2025-01-30 11:24:20,429 - INFO - Starting direct file download in chunks of 131072 at 0, stride 131072
2025-01-30 11:24:24,914 - INFO - Starting direct file download in chunks of 131072 at 0, stride 131072
2025-01-30 11:24:26,498 - INFO - Starting direct file download in chunks of 131072 at 0, stride 131072
2025-01-30 11:24:27,203 - INFO - Starting direct file download in chunks of 131072 at 0, stride 131072
2025-01-30 11:24:27,735 - INFO - Starting direct file download in chunks of 131072 at 0, stride 131072
2025-01-30 11:24:30,114 - INFO - Starting direct file download in chunks of 131072 at 0, stride 131072
2025-01-30 11:24:33,054 - INFO - Starting direct file download in chunks of 131072 at 0, stride 131072
2025-01-30 11:24:34,605 - INFO - Starting direct file download in chunks of 131072 at 0, stride 131072
2025-01-30 11:24:43,796 - INFO - Starting direct file download in chunks of 131072 at 0, stride 131072
2025-01-30 11:24:45,640 - INFO - Starting direct file download in chunks of 131072 at 0, stride 131072
2025-01-30 11:24:49,003 - INFO - Starting direct file download in chunks of 131072 at 0, stride 131072
2025-01-30 11:24:50,239 - INFO - Starting direct file download in chunks of 131072 at 0, stride 131072
2025-01-30 11:24:51,974 - INFO - Starting direct file download in chunks of 131072 at 0, stride 131072
2025-01-30 11:24:53,666 - INFO - Starting direct file download in chunks of 131072 at 0, stride 131072
2025-01-30 11:24:54,951 - INFO - Starting direct file download in chunks of 131072 at 0, stride 131072
2025-01-30 11:24:55,858 - INFO - Starting direct file download in chunks of 131072 at 0, stride 131072
2025-01-30 11:24:56,705 - INFO - Starting direct file download in chunks of 131072 at 0, stride 131072
2025-01-30 11:24:57,531 - INFO - Starting direct file download in chunks of 131072 at 0, stride 131072
2025-01-30 11:24:58,539 - INFO - Starting direct file download in chunks of 131072 at 0, stride 131072
2025-01-30 11:24:59,710 - INFO - Starting direct file download in chunks of 131072 at 0, stride 131072
2025-01-30 11:25:01,335 - INFO - Starting direct file download in chunks of 131072 at 0, stride 131072
2025-01-30 11:25:02,120 - INFO - Starting direct file download in chunks of 131072 at 0, stride 131072
2025-01-30 11:25:03,367 - INFO - Starting direct file download in chunks of 131072 at 0, stride 131072
2025-01-30 11:25:03,906 - INFO - Starting direct file download in chunks of 131072 at 0, stride 131072
2025-01-30 11:25:04,689 - INFO - Starting direct file download in chunks of 131072 at 0, stride 131072
2025-01-30 11:25:05,383 - INFO - Starting direct file download in chunks of 131072 at 0, stride 131072
2025-01-30 11:25:06,351 - INFO - Starting direct file download in chunks of 131072 at 0, stride 131072
2025-01-30 11:25:07,151 - INFO - Starting direct file download in chunks of 131072 at 0, stride 131072
2025-01-30 11:25:08,170 - INFO - Starting direct file download in chunks of 131072 at 0, stride 131072
2025-01-30 11:25:09,046 - INFO - Starting direct file download in chunks of 131072 at 0, stride 131072
2025-01-30 11:25:09,790 - INFO - Starting direct file download in chunks of 131072 at 0, stride 131072
2025-01-30 11:25:10,314 - INFO - Starting direct file download in chunks of 131072 at 0, stride 131072
2025-01-30 11:25:11,773 - INFO - Starting direct file download in chunks of 131072 at 0, stride 131072
2025-01-30 11:25:12,285 - INFO - Starting direct file download in chunks of 131072 at 0, stride 131072
2025-01-30 11:25:13,154 - INFO - Starting direct file download in chunks of 131072 at 0, stride 131072
2025-01-30 11:25:13,836 - INFO - Starting direct file download in chunks of 131072 at 0, stride 131072
2025-01-30 11:25:14,633 - INFO - Starting direct file download in chunks of 131072 at 0, stride 131072
2025-01-30 11:25:15,713 - INFO - Starting direct file download in chunks of 131072 at 0, stride 131072
2025-01-30 11:25:17,129 - INFO - Starting direct file download in chunks of 131072 at 0, stride 131072
2025-01-30 11:25:18,266 - INFO - Starting direct file download in chunks of 131072 at 0, stride 131072
2025-01-30 11:25:19,316 - INFO - Starting direct file download in chunks of 131072 at 0, stride 131072
2025-01-30 11:25:20,162 - INFO - Starting direct file download in chunks of 131072 at 0, stride 131072
2025-01-30 11:25:21,388 - INFO - Starting direct file download in chunks of 131072 at 0, stride 131072
2025-01-30 11:25:22,318 - INFO - Starting direct file download in chunks of 131072 at 0, stride 131072
2025-01-30 11:25:23,528 - INFO - Starting direct file download in chunks of 131072 at 0, stride 131072
2025-01-30 11:25:24,819 - INFO - Starting direct file download in chunks of 131072 at 0, stride 131072
2025-01-30 11:25:25,330 - INFO - Starting direct file download in chunks of 131072 at 0, stride 131072
2025-01-30 11:25:27,059 - INFO - Starting direct file download in chunks of 131072 at 0, stride 131072
2025-01-30 11:25:28,614 - INFO - Starting direct file download in chunks of 131072 at 0, stride 131072
2025-01-30 11:25:29,289 - INFO - Starting direct file download in chunks of 131072 at 0, stride 131072
2025-01-30 11:25:30,117 - INFO - Starting direct file download in chunks of 131072 at 0, stride 131072
2025-01-30 11:25:30,851 - INFO - Starting direct file download in chunks of 131072 at 0, stride 131072
2025-01-30 11:25:32,118 - INFO - Starting direct file download in chunks of 131072 at 0, stride 131072
2025-01-30 11:25:33,037 - INFO - Starting direct file download in chunks of 131072 at 0, stride 131072
2025-01-30 11:25:33,652 - INFO - Starting direct file download in chunks of 131072 at 0, stride 131072
2025-01-30 11:25:34,454 - INFO - Starting direct file download in chunks of 131072 at 0, stride 131072
2025-01-30 11:25:35,574 - INFO - Starting direct file download in chunks of 131072 at 0, stride 131072
2025-01-30 11:25:36,781 - INFO - Starting direct file download in chunks of 131072 at 0, stride 131072
2025-01-30 11:25:37,616 - INFO - Starting direct file download in chunks of 131072 at 0, stride 131072
2025-01-30 11:25:38,435 - INFO - Starting direct file download in chunks of 131072 at 0, stride 131072
2025-01-30 11:25:39,212 - INFO - Starting direct file download in chunks of 131072 at 0, stride 131072
2025-01-30 11:25:40,224 - INFO - Starting direct file download in chunks of 131072 at 0, stride 131072
2025-01-30 11:25:41,111 - INFO - Starting direct file download in chunks of 131072 at 0, stride 131072
2025-01-30 11:25:42,001 - INFO - Starting direct file download in chunks of 131072 at 0, stride 131072
2025-01-30 11:25:42,200 - INFO - File lives in another DC
2025-01-30 11:25:42,203 - INFO - Connecting to 149.154.175.58:443/TcpFull...
2025-01-30 11:25:44,438 - INFO - Connection to 149.154.175.58:443/TcpFull complete!
2025-01-30 11:25:44,439 - INFO - Exporting auth for new borrowed sender in DcOption(id=1, ip_address='149.154.175.58', port=443, ipv6=False, media_only=False, tcpo_only=False, cdn=False, static=False, this_port_only=False, secret=None)
2025-01-30 11:25:46,452 - INFO - Starting direct file download in chunks of 131072 at 0, stride 131072
2025-01-30 11:25:46,648 - INFO - File lives in another DC
2025-01-30 11:25:47,070 - INFO - Starting direct file download in chunks of 131072 at 0, stride 131072
2025-01-30 11:25:47,279 - INFO - File lives in another DC
2025-01-30 11:25:47,681 - INFO - Starting direct file download in chunks of 131072 at 0, stride 131072
2025-01-30 11:25:47,859 - INFO - File lives in another DC
2025-01-30 11:25:48,245 - INFO - Starting direct file download in chunks of 131072 at 0, stride 131072
2025-01-30 11:25:48,417 - INFO - File lives in another DC
2025-01-30 11:25:48,819 - INFO - Starting direct file download in chunks of 131072 at 0, stride 131072
2025-01-30 11:25:48,967 - INFO - File lives in another DC
2025-01-30 11:25:50,067 - INFO - Scraped 100 messages from Yetenaweg
2025-01-30 11:25:50,880 - INFO - Starting direct file download in chunks of 131072 at 0, stride 131072
2025-01-30 11:25:52,397 - INFO - Starting direct file download in chunks of 131072 at 0, stride 131072
2025-01-30 11:25:53,402 - INFO - Starting direct file download in chunks of 131072 at 0, stride 131072
2025-01-30 11:25:55,506 - INFO - Starting direct file download in chunks of 131072 at 0, stride 131072
2025-01-30 11:25:57,151 - INFO - Starting direct file download in chunks of 131072 at 0, stride 131072
2025-01-30 11:25:58,990 - INFO - Starting direct file download in chunks of 131072 at 0, stride 131072
2025-01-30 11:26:00,672 - INFO - Starting direct file download in chunks of 131072 at 0, stride 131072
2025-01-30 11:26:02,543 - INFO - Starting direct file download in chunks of 131072 at 0, stride 131072
2025-01-30 11:26:04,634 - INFO - Starting direct file download in chunks of 131072 at 0, stride 131072
2025-01-30 11:26:06,028 - INFO - Starting direct file download in chunks of 131072 at 0, stride 131072
2025-01-30 11:26:07,615 - INFO - Starting direct file download in chunks of 131072 at 0, stride 131072
2025-01-30 11:26:09,632 - INFO - Starting direct file download in chunks of 131072 at 0, stride 131072
2025-01-30 11:26:11,640 - INFO - Starting direct file download in chunks of 131072 at 0, stride 131072
2025-01-30 11:26:12,142 - INFO - Starting direct file download in chunks of 131072 at 0, stride 131072
2025-01-30 11:26:13,233 - INFO - Starting direct file download in chunks of 131072 at 0, stride 131072
2025-01-30 11:26:14,251 - INFO - Starting direct file download in chunks of 131072 at 0, stride 131072
2025-01-30 11:26:16,208 - INFO - Starting direct file download in chunks of 131072 at 0, stride 131072
2025-01-30 11:26:17,946 - INFO - Starting direct file download in chunks of 131072 at 0, stride 131072
2025-01-30 11:26:19,653 - INFO - Starting direct file download in chunks of 131072 at 0, stride 131072
2025-01-30 11:26:21,342 - INFO - Starting direct file download in chunks of 131072 at 0, stride 131072
2025-01-30 11:26:23,189 - INFO - Starting direct file download in chunks of 131072 at 0, stride 131072
2025-01-30 11:26:24,748 - INFO - Starting direct file download in chunks of 131072 at 0, stride 131072
2025-01-30 11:26:26,361 - INFO - Starting direct file download in chunks of 131072 at 0, stride 131072
2025-01-30 11:26:27,941 - INFO - Starting direct file download in chunks of 131072 at 0, stride 131072
2025-01-30 11:26:28,791 - INFO - Starting direct file download in chunks of 131072 at 0, stride 131072
2025-01-30 11:26:30,292 - INFO - Starting direct file download in chunks of 131072 at 0, stride 131072
2025-01-30 11:26:32,028 - INFO - Starting direct file download in chunks of 131072 at 0, stride 131072
2025-01-30 11:26:33,548 - INFO - Starting direct file download in chunks of 131072 at 0, stride 131072
2025-01-30 11:26:40,571 - INFO - Starting direct file download in chunks of 131072 at 0, stride 131072
2025-01-30 11:26:54,035 - INFO - Disconnecting borrowed sender for DC 1
2025-01-30 11:26:54,036 - INFO - Disconnecting from 149.154.175.58:443/TcpFull...
2025-01-30 11:26:54,039 - INFO - Disconnection from 149.154.175.58:443/TcpFull complete!
2025-01-30 11:27:19,433 - INFO - Starting direct file download in chunks of 131072 at 0, stride 131072
2025-01-30 11:27:25,496 - INFO - Starting direct file download in chunks of 131072 at 0, stride 131072
2025-01-30 11:27:28,146 - INFO - Starting direct file download in chunks of 131072 at 0, stride 131072
2025-01-30 11:27:30,815 - INFO - Starting direct file download in chunks of 131072 at 0, stride 131072
2025-01-30 11:27:33,548 - INFO - Starting direct file download in chunks of 131072 at 0, stride 131072
2025-01-30 11:27:35,086 - INFO - Starting direct file download in chunks of 131072 at 0, stride 131072
2025-01-30 11:27:37,685 - INFO - Starting direct file download in chunks of 131072 at 0, stride 131072
2025-01-30 11:27:40,866 - INFO - Starting direct file download in chunks of 131072 at 0, stride 131072
2025-01-30 11:27:42,642 - INFO - Starting direct file download in chunks of 131072 at 0, stride 131072
2025-01-30 11:27:44,705 - INFO - Starting direct file download in chunks of 131072 at 0, stride 131072
2025-01-30 11:27:46,295 - INFO - Starting direct file download in chunks of 131072 at 0, stride 131072
2025-01-30 11:27:47,781 - INFO - Starting direct file download in chunks of 131072 at 0, stride 131072
2025-01-30 11:27:49,440 - INFO - Starting direct file download in chunks of 131072 at 0, stride 131072
2025-01-30 11:27:51,135 - INFO - Starting direct file download in chunks of 131072 at 0, stride 131072
2025-01-30 11:27:52,517 - INFO - Starting direct file download in chunks of 131072 at 0, stride 131072
2025-01-30 11:27:53,997 - INFO - Starting direct file download in chunks of 131072 at 0, stride 131072
2025-01-30 11:27:55,664 - INFO - Starting direct file download in chunks of 131072 at 0, stride 131072
2025-01-30 11:27:57,041 - INFO - Starting direct file download in chunks of 131072 at 0, stride 131072
2025-01-30 11:27:58,378 - INFO - Starting direct file download in chunks of 131072 at 0, stride 131072
2025-01-30 11:28:00,138 - INFO - Starting direct file download in chunks of 131072 at 0, stride 131072
2025-01-30 11:28:02,111 - INFO - Starting direct file download in chunks of 131072 at 0, stride 131072
2025-01-30 11:28:03,396 - INFO - Starting direct file download in chunks of 131072 at 0, stride 131072
2025-01-30 11:28:04,998 - INFO - Starting direct file download in chunks of 131072 at 0, stride 131072
2025-01-30 11:28:06,671 - INFO - Starting direct file download in chunks of 131072 at 0, stride 131072
2025-01-30 11:28:08,375 - INFO - Starting direct file download in chunks of 131072 at 0, stride 131072
2025-01-30 11:28:09,728 - INFO - Starting direct file download in chunks of 131072 at 0, stride 131072
2025-01-30 11:28:10,377 - INFO - Starting direct file download in chunks of 131072 at 0, stride 131072
2025-01-30 11:28:11,854 - INFO - Starting direct file download in chunks of 131072 at 0, stride 131072
2025-01-30 11:28:14,102 - INFO - Starting direct file download in chunks of 131072 at 0, stride 131072
2025-01-30 11:28:15,701 - INFO - Starting direct file download in chunks of 131072 at 0, stride 131072
2025-01-30 11:28:17,505 - INFO - Starting direct file download in chunks of 131072 at 0, stride 131072
2025-01-30 11:28:20,221 - INFO - Starting direct file download in chunks of 131072 at 0, stride 131072
2025-01-30 11:28:21,686 - INFO - Starting direct file download in chunks of 131072 at 0, stride 131072
2025-01-30 11:28:23,285 - INFO - Starting direct file download in chunks of 131072 at 0, stride 131072
2025-01-30 11:28:25,322 - INFO - Starting direct file download in chunks of 131072 at 0, stride 131072
2025-01-30 11:28:26,919 - INFO - Starting direct file download in chunks of 131072 at 0, stride 131072
2025-01-30 11:28:28,577 - INFO - Starting direct file download in chunks of 131072 at 0, stride 131072
2025-01-30 11:28:29,545 - INFO - Starting direct file download in chunks of 131072 at 0, stride 131072
2025-01-30 11:28:31,999 - INFO - Starting direct file download in chunks of 131072 at 0, stride 131072
2025-01-30 11:28:34,313 - INFO - Starting direct file download in chunks of 131072 at 0, stride 131072
2025-01-30 11:28:37,216 - INFO - Starting direct file download in chunks of 131072 at 0, stride 131072
2025-01-30 11:28:38,816 - INFO - Starting direct file download in chunks of 131072 at 0, stride 131072
2025-01-30 11:28:40,327 - INFO - Starting direct file download in chunks of 131072 at 0, stride 131072
2025-01-30 11:28:42,300 - INFO - Starting direct file download in chunks of 131072 at 0, stride 131072
2025-01-30 11:28:43,705 - INFO - Starting direct file download in chunks of 131072 at 0, stride 131072
2025-01-30 11:28:45,444 - INFO - Starting direct file download in chunks of 131072 at 0, stride 131072
2025-01-30 11:28:46,997 - INFO - Starting direct file download in chunks of 131072 at 0, stride 131072
2025-01-30 11:28:49,009 - INFO - Starting direct file download in chunks of 131072 at 0, stride 131072
2025-01-30 11:28:50,436 - INFO - Starting direct file download in chunks of 131072 at 0, stride 131072
2025-01-30 11:28:51,348 - INFO - Scraped 100 messages from EAHCI
2025-01-30 11:28:51,359 - INFO - Scraping completed successfully
2025-01-30 11:28:51,361 - INFO - Disconnecting from 149.154.167.91:443/TcpFull...
2025-01-30 11:28:51,363 - INFO - Disconnection from 149.154.167.91:443/TcpFull complete!
2025-01-30 11:28:51,363 - INFO - Not disconnecting (already have no connection)
